<?xml version="1.0" encoding="UTF-8"?>
<!-- Generated by org.testng.reporters.JUnitReportReporter -->
<testsuite hostname="DESKTOP-8OTT66F" failures="0" tests="5" name="coid.nexsoft.app.runner.CalculatorDestroyer" time="21.531" errors="0" timestamp="2022-09-23T22:52:51 ICT" skipped="0">
  <testcase classname="coid.nexsoft.app.runner.CalculatorDestroyer" name="testPost" time="4.395"/>
  <system-out/>
  <testcase classname="coid.nexsoft.app.runner.CalculatorDestroyer" name="testPost" time="4.243"/>
  <system-out/>
  <testcase classname="coid.nexsoft.app.runner.CalculatorDestroyer" name="testPost" time="4.355"/>
  <system-out/>
  <testcase classname="coid.nexsoft.app.runner.CalculatorDestroyer" name="testPost" time="4.297"/>
  <system-out/>
  <testcase classname="coid.nexsoft.app.runner.CalculatorDestroyer" name="testPost" time="4.241"/>
  <system-out/>
</testsuite> <!-- coid.nexsoft.app.runner.CalculatorDestroyer -->
