<?xml version="1.0" encoding="UTF-8"?>
<!-- Generated by org.testng.reporters.JUnitReportReporter -->
<testsuite hostname="DESKTOP-8OTT66F" failures="0" tests="1" name="coid.nexsoft.app.runner.TestMIUICalcBMI" time="7.617" errors="0" timestamp="2022-09-25T09:14:52 ICT" skipped="0">
  <testcase classname="coid.nexsoft.app.runner.TestMIUICalcBMI" name="testOne" time="7.617"/>
  <system-out/>
</testsuite> <!-- coid.nexsoft.app.runner.TestMIUICalcBMI -->
