<?xml version="1.0" encoding="UTF-8"?>
<!-- Generated by org.testng.reporters.JUnitReportReporter -->
<testsuite hostname="DESKTOP-8OTT66F" failures="0" tests="1" name="coid.nexsoft.app.runner.TestMIUICalcDecimalToBin" time="3.640" errors="0" timestamp="2022-09-25T09:11:29 ICT" skipped="0">
  <testcase classname="coid.nexsoft.app.runner.TestMIUICalcDecimalToBin" name="testOne" time="3.640"/>
  <system-out/>
</testsuite> <!-- coid.nexsoft.app.runner.TestMIUICalcDecimalToBin -->
